25/11/2020 20:00:18	Este registro contiene información acerca de la operación de importación de esquema en el proyecto 'Northwind' del equipo 'NEKSYS15' por el usuario 'NEKSYS15'.
25/11/2020 20:00:18	Se inició la importación del esquema de la base de datos.
25/11/2020 20:00:25	Recopilando credenciales de la base de datos
25/11/2020 20:00:25	Recopilando opciones de base de datos
25/11/2020 20:00:25	Recopilando la opción de configuración de ámbito de la base de datos genérica
25/11/2020 20:00:25	Recopilando usuarios
25/11/2020 20:00:25	Recopilando roles
25/11/2020 20:00:25	Recopilando roles de aplicación
25/11/2020 20:00:25	Recopilando pertenencias a roles
25/11/2020 20:00:25	Recopilando grupos de archivos
25/11/2020 20:00:25	Recopilando catálogos de texto completo
25/11/2020 20:00:25	Recopilando ensamblados
25/11/2020 20:00:25	Recopilando certificados
25/11/2020 20:00:25	Recopilando claves asimétricas
25/11/2020 20:00:25	Recopilando claves simétricas
25/11/2020 20:00:25	Recopilando claves simétricas cifradas
25/11/2020 20:00:25	Recopilando esquemas
25/11/2020 20:00:25	Recopilando colecciones de esquemas XML
25/11/2020 20:00:25	Recopilando tipos de datos definidos por el usuario
25/11/2020 20:00:25	Recopilando tipos definidos por el usuario
25/11/2020 20:00:25	Recopilando tipos de tabla
25/11/2020 20:00:25	Recopilando claves únicas para tipos de tabla
25/11/2020 20:00:25	Recopilando claves principales para tipos de tabla
25/11/2020 20:00:25	Recopilando índices para tipos de tablas
25/11/2020 20:00:25	Recopilando restricciones CHECK para tipos de tabla
25/11/2020 20:00:25	Recopilando restricciones DEFAULT para tipos de tabla
25/11/2020 20:00:25	Recopilando funciones de partición
25/11/2020 20:00:26	Recopilando esquemas de partición
25/11/2020 20:00:26	Recopilando funciones
25/11/2020 20:00:26	Recopilando funciones cifradas
25/11/2020 20:00:26	Recopilando agregados
25/11/2020 20:00:26	Recopilando procedimientos
25/11/2020 20:00:26	Recopilando procedimientos cifrados
25/11/2020 20:00:26	Recopilando tablas
25/11/2020 20:00:26	Recopilando claves principales
25/11/2020 20:00:26	Recopilando restricciones UNIQUE
25/11/2020 20:00:26	Recopilando claves externas
25/11/2020 20:00:26	Recopilando restricciones DEFAULT
25/11/2020 20:00:26	Recopilando restricciones CHECK
25/11/2020 20:00:26	Recopilando vistas
25/11/2020 20:00:26	Recopilando vistas cifradas
25/11/2020 20:00:26	Recopilando índices
25/11/2020 20:00:27	Recopilando estadísticas
25/11/2020 20:00:27	Recopilando listas de palabras irrelevantes de índices de texto completo
25/11/2020 20:00:27	Recopilando listas de propiedades de búsqueda
25/11/2020 20:00:27	Recopilando propiedades de búsqueda
25/11/2020 20:00:27	Recopilando índices de texto completo
25/11/2020 20:00:27	Recopilando índices de almacenamiento de columnas
25/11/2020 20:00:27	Recopilando índices espaciales
25/11/2020 20:00:27	Recopilando índices XML
25/11/2020 20:00:27	Recopilando índices XML selectivos
25/11/2020 20:00:27	Recopilando desencadenadores cifrados
25/11/2020 20:00:27	Recopilando desencadenadores
25/11/2020 20:00:27	Recopilando DDL triggers cifrados y de CLR
25/11/2020 20:00:27	Recopilando DDL triggers
25/11/2020 20:00:27	Creación de la restricción perimetral en curso
25/11/2020 20:00:27	Recopilando sinónimos
25/11/2020 20:00:27	Recopilando valores predeterminados
25/11/2020 20:00:27	Recopilando enlaces UDDT de restricción de datos
25/11/2020 20:00:27	Recopilando reglas
25/11/2020 20:00:27	Recopilando enlaces UDDT de restricción de datos
25/11/2020 20:00:27	Recopilando tipos de mensaje
25/11/2020 20:00:27	Recopilando colas
25/11/2020 20:00:27	Recopilando contratos
25/11/2020 20:00:27	Recopilando servicios
25/11/2020 20:00:27	Recopilando notificaciones de eventos
25/11/2020 20:00:27	Recopilando enlaces de servicio remoto
25/11/2020 20:00:27	Recopilando prioridades de Broker
25/11/2020 20:00:27	Recopilando firmas
25/11/2020 20:00:27	Recopilando opciones de compresión de datos
25/11/2020 20:00:27	Recopilando tipos de secuencia
25/11/2020 20:00:27	Recopilando directivas de seguridad
25/11/2020 20:00:27	Recopilar claves de cifrado de columna
25/11/2020 20:00:27	Recopilando claves maestras de columna
25/11/2020 20:00:27	Recopilando orígenes de datos externos
25/11/2020 20:00:27	Recopilando formatos de archivo externos
25/11/2020 20:00:27	Recopilando tablas externas
25/11/2020 20:00:27	Recopilando propiedades extendidas
25/11/2020 20:00:28	Buscando elementos duplicados en el proyecto
25/11/2020 20:00:28	Ha finalizado el procesamiento de los elementos duplicados
25/11/2020 20:00:29	Finalizó la importación de la base de datos.
25/11/2020 20:00:29	Se guardó un resumen de la importación en la siguiente ubicación: C:\Users\NEKSYS15\Documents\Github\SonarQubeWithSqlPlugin\Example\Northwind\Northwind\Registros de importación de esquemas\Northwind_20201126010018.log
25/11/2020 20:00:29	Haga clic en Finalizar para continuar...
